2022-08-05T09:14:17+00:00 CRITICAL Cannot redeclare create_posttype() (previously declared in /opt/lampp/htdocs/wordpress/wp-content/themes/astra/functions.php:335) in /opt/lampp/htdocs/wordpress/wp-content/themes/astra/functions.php on line 353

2022-08-05T09:14:22+00:00 CRITICAL Cannot redeclare create_posttype() (previously declared in /opt/lampp/htdocs/wordpress/wp-content/themes/astra/functions.php:335) in /opt/lampp/htdocs/wordpress/wp-content/themes/astra/functions.php on line 353

2022-08-05T09:14:25+00:00 CRITICAL Cannot redeclare create_posttype() (previously declared in /opt/lampp/htdocs/wordpress/wp-content/themes/astra/functions.php:335) in /opt/lampp/htdocs/wordpress/wp-content/themes/astra/functions.php on line 353

2022-08-05T09:14:30+00:00 CRITICAL Cannot redeclare create_posttype() (previously declared in /opt/lampp/htdocs/wordpress/wp-content/themes/astra/functions.php:335) in /opt/lampp/htdocs/wordpress/wp-content/themes/astra/functions.php on line 353

2022-08-05T09:14:38+00:00 CRITICAL Cannot redeclare create_posttype() (previously declared in /opt/lampp/htdocs/wordpress/wp-content/themes/astra/functions.php:335) in /opt/lampp/htdocs/wordpress/wp-content/themes/astra/functions.php on line 353

2022-08-05T09:14:40+00:00 CRITICAL Cannot redeclare create_posttype() (previously declared in /opt/lampp/htdocs/wordpress/wp-content/themes/astra/functions.php:335) in /opt/lampp/htdocs/wordpress/wp-content/themes/astra/functions.php on line 353

2022-08-05T09:16:44+00:00 CRITICAL Uncaught Error: Call to undefined function register_post_type2() in /opt/lampp/htdocs/wordpress/wp-content/themes/astra/functions.php:355
Stack trace:
#0 /opt/lampp/htdocs/wordpress/wp-includes/class-wp-hook.php(307): create_posttype2('')
#1 /opt/lampp/htdocs/wordpress/wp-includes/class-wp-hook.php(331): WP_Hook->apply_filters(NULL, Array)
#2 /opt/lampp/htdocs/wordpress/wp-includes/plugin.php(476): WP_Hook->do_action(Array)
#3 /opt/lampp/htdocs/wordpress/wp-settings.php(598): do_action('init')
#4 /opt/lampp/htdocs/wordpress/wp-config.php(97): require_once('/opt/lampp/htdo...')
#5 /opt/lampp/htdocs/wordpress/wp-load.php(50): require_once('/opt/lampp/htdo...')
#6 /opt/lampp/htdocs/wordpress/wp-admin/admin.php(34): require_once('/opt/lampp/htdo...')
#7 /opt/lampp/htdocs/wordpress/wp-admin/about.php(10): require_once('/opt/lampp/htdo...')
#8 {main}
  thrown in /opt/lampp/htdocs/wordpress/wp-content/themes/astra/functions.php on line 355

2022-08-05T09:16:46+00:00 CRITICAL Uncaught Error: Call to undefined function register_post_type2() in /opt/lampp/htdocs/wordpress/wp-content/themes/astra/functions.php:355
Stack trace:
#0 /opt/lampp/htdocs/wordpress/wp-includes/class-wp-hook.php(307): create_posttype2('')
#1 /opt/lampp/htdocs/wordpress/wp-includes/class-wp-hook.php(331): WP_Hook->apply_filters(NULL, Array)
#2 /opt/lampp/htdocs/wordpress/wp-includes/plugin.php(476): WP_Hook->do_action(Array)
#3 /opt/lampp/htdocs/wordpress/wp-settings.php(598): do_action('init')
#4 /opt/lampp/htdocs/wordpress/wp-config.php(97): require_once('/opt/lampp/htdo...')
#5 /opt/lampp/htdocs/wordpress/wp-load.php(50): require_once('/opt/lampp/htdo...')
#6 /opt/lampp/htdocs/wordpress/wp-blog-header.php(13): require_once('/opt/lampp/htdo...')
#7 /opt/lampp/htdocs/wordpress/index.php(17): require('/opt/lampp/htdo...')
#8 {main}
  thrown in /opt/lampp/htdocs/wordpress/wp-content/themes/astra/functions.php on line 355

2022-08-05T09:17:16+00:00 CRITICAL Uncaught Error: Call to undefined function register_post_type2() in /opt/lampp/htdocs/wordpress/wp-content/themes/astra/functions.php:355
Stack trace:
#0 /opt/lampp/htdocs/wordpress/wp-includes/class-wp-hook.php(307): create_posttype2('')
#1 /opt/lampp/htdocs/wordpress/wp-includes/class-wp-hook.php(331): WP_Hook->apply_filters(NULL, Array)
#2 /opt/lampp/htdocs/wordpress/wp-includes/plugin.php(476): WP_Hook->do_action(Array)
#3 /opt/lampp/htdocs/wordpress/wp-settings.php(598): do_action('init')
#4 /opt/lampp/htdocs/wordpress/wp-config.php(97): require_once('/opt/lampp/htdo...')
#5 /opt/lampp/htdocs/wordpress/wp-load.php(50): require_once('/opt/lampp/htdo...')
#6 /opt/lampp/htdocs/wordpress/wp-admin/admin.php(34): require_once('/opt/lampp/htdo...')
#7 /opt/lampp/htdocs/wordpress/wp-admin/about.php(10): require_once('/opt/lampp/htdo...')
#8 {main}
  thrown in /opt/lampp/htdocs/wordpress/wp-content/themes/astra/functions.php on line 355

2022-08-05T09:22:53+00:00 CRITICAL syntax error, unexpected token "public", expecting end of file in /opt/lampp/htdocs/wordpress/wp-content/themes/astra/functions.php on line 334

2022-08-05T12:55:57+00:00 CRITICAL Uncaught TypeError: call_user_func(): Argument #1 ($callback) must be a valid callback, function "get_custom_fields" not found or invalid function name in /opt/lampp/htdocs/wordpress/wp-includes/rest-api/endpoints/class-wp-rest-controller.php:433
Stack trace:
#0 /opt/lampp/htdocs/wordpress/wp-includes/rest-api/endpoints/class-wp-rest-posts-controller.php(1923): WP_REST_Controller->add_additional_fields_to_object(Array, Object(WP_REST_Request))
#1 /opt/lampp/htdocs/wordpress/wp-includes/rest-api/endpoints/class-wp-rest-posts-controller.php(377): WP_REST_Posts_Controller->prepare_item_for_response(Object(WP_Post), Object(WP_REST_Request))
#2 /opt/lampp/htdocs/wordpress/wp-includes/rest-api/class-wp-rest-server.php(1143): WP_REST_Posts_Controller->get_items(Object(WP_REST_Request))
#3 /opt/lampp/htdocs/wordpress/wp-includes/rest-api/class-wp-rest-server.php(990): WP_REST_Server->respond_to_request(Object(WP_REST_Request), '/wp/v2/posts', Array, NULL)
#4 /opt/lampp/htdocs/wordpress/wp-includes/rest-api/class-wp-rest-server.php(414): WP_REST_Server->dispatch(Object(WP_REST_Request))
#5 /opt/lampp/htdocs/wordpress/wp-includes/rest-api.php(394): WP_REST_Server->serve_request('/wp/v2/posts')
#6 /opt/lampp/htdocs/wordpress/wp-includes/class-wp-hook.php(307): rest_api_loaded(Object(WP))
#7 /opt/lampp/htdocs/wordpress/wp-includes/class-wp-hook.php(331): WP_Hook->apply_filters(NULL, Array)
#8 /opt/lampp/htdocs/wordpress/wp-includes/plugin.php(524): WP_Hook->do_action(Array)
#9 /opt/lampp/htdocs/wordpress/wp-includes/class-wp.php(398): do_action_ref_array('parse_request', Array)
#10 /opt/lampp/htdocs/wordpress/wp-includes/class-wp.php(770): WP->parse_request('')
#11 /opt/lampp/htdocs/wordpress/wp-includes/functions.php(1330): WP->main('')
#12 /opt/lampp/htdocs/wordpress/wp-blog-header.php(16): wp()
#13 /opt/lampp/htdocs/wordpress/index.php(17): require('/opt/lampp/htdo...')
#14 {main}
  thrown in /opt/lampp/htdocs/wordpress/wp-includes/rest-api/endpoints/class-wp-rest-controller.php on line 433

2022-08-05T12:56:13+00:00 CRITICAL Uncaught TypeError: call_user_func(): Argument #1 ($callback) must be a valid callback, function "get_custom_fields" not found or invalid function name in /opt/lampp/htdocs/wordpress/wp-includes/rest-api/endpoints/class-wp-rest-controller.php:433
Stack trace:
#0 /opt/lampp/htdocs/wordpress/wp-includes/rest-api/endpoints/class-wp-rest-posts-controller.php(1923): WP_REST_Controller->add_additional_fields_to_object(Array, Object(WP_REST_Request))
#1 /opt/lampp/htdocs/wordpress/wp-includes/rest-api/endpoints/class-wp-rest-posts-controller.php(377): WP_REST_Posts_Controller->prepare_item_for_response(Object(WP_Post), Object(WP_REST_Request))
#2 /opt/lampp/htdocs/wordpress/wp-includes/rest-api/class-wp-rest-server.php(1143): WP_REST_Posts_Controller->get_items(Object(WP_REST_Request))
#3 /opt/lampp/htdocs/wordpress/wp-includes/rest-api/class-wp-rest-server.php(990): WP_REST_Server->respond_to_request(Object(WP_REST_Request), '/wp/v2/posts', Array, NULL)
#4 /opt/lampp/htdocs/wordpress/wp-includes/rest-api/class-wp-rest-server.php(414): WP_REST_Server->dispatch(Object(WP_REST_Request))
#5 /opt/lampp/htdocs/wordpress/wp-includes/rest-api.php(394): WP_REST_Server->serve_request('/wp/v2/posts')
#6 /opt/lampp/htdocs/wordpress/wp-includes/class-wp-hook.php(307): rest_api_loaded(Object(WP))
#7 /opt/lampp/htdocs/wordpress/wp-includes/class-wp-hook.php(331): WP_Hook->apply_filters(NULL, Array)
#8 /opt/lampp/htdocs/wordpress/wp-includes/plugin.php(524): WP_Hook->do_action(Array)
#9 /opt/lampp/htdocs/wordpress/wp-includes/class-wp.php(398): do_action_ref_array('parse_request', Array)
#10 /opt/lampp/htdocs/wordpress/wp-includes/class-wp.php(770): WP->parse_request('')
#11 /opt/lampp/htdocs/wordpress/wp-includes/functions.php(1330): WP->main('')
#12 /opt/lampp/htdocs/wordpress/wp-blog-header.php(16): wp()
#13 /opt/lampp/htdocs/wordpress/index.php(17): require('/opt/lampp/htdo...')
#14 {main}
  thrown in /opt/lampp/htdocs/wordpress/wp-includes/rest-api/endpoints/class-wp-rest-controller.php on line 433

2022-08-05T12:57:39+00:00 CRITICAL Uncaught TypeError: call_user_func(): Argument #1 ($callback) must be a valid callback, function "get_custom_fields" not found or invalid function name in /opt/lampp/htdocs/wordpress/wp-includes/rest-api/endpoints/class-wp-rest-controller.php:433
Stack trace:
#0 /opt/lampp/htdocs/wordpress/wp-includes/rest-api/endpoints/class-wp-rest-posts-controller.php(1923): WP_REST_Controller->add_additional_fields_to_object(Array, Object(WP_REST_Request))
#1 /opt/lampp/htdocs/wordpress/wp-includes/rest-api/endpoints/class-wp-rest-posts-controller.php(377): WP_REST_Posts_Controller->prepare_item_for_response(Object(WP_Post), Object(WP_REST_Request))
#2 /opt/lampp/htdocs/wordpress/wp-includes/rest-api/class-wp-rest-server.php(1143): WP_REST_Posts_Controller->get_items(Object(WP_REST_Request))
#3 /opt/lampp/htdocs/wordpress/wp-includes/rest-api/class-wp-rest-server.php(990): WP_REST_Server->respond_to_request(Object(WP_REST_Request), '/wp/v2/posts', Array, NULL)
#4 /opt/lampp/htdocs/wordpress/wp-includes/rest-api/class-wp-rest-server.php(414): WP_REST_Server->dispatch(Object(WP_REST_Request))
#5 /opt/lampp/htdocs/wordpress/wp-includes/rest-api.php(394): WP_REST_Server->serve_request('/wp/v2/posts')
#6 /opt/lampp/htdocs/wordpress/wp-includes/class-wp-hook.php(307): rest_api_loaded(Object(WP))
#7 /opt/lampp/htdocs/wordpress/wp-includes/class-wp-hook.php(331): WP_Hook->apply_filters(NULL, Array)
#8 /opt/lampp/htdocs/wordpress/wp-includes/plugin.php(524): WP_Hook->do_action(Array)
#9 /opt/lampp/htdocs/wordpress/wp-includes/class-wp.php(398): do_action_ref_array('parse_request', Array)
#10 /opt/lampp/htdocs/wordpress/wp-includes/class-wp.php(770): WP->parse_request('')
#11 /opt/lampp/htdocs/wordpress/wp-includes/functions.php(1330): WP->main('')
#12 /opt/lampp/htdocs/wordpress/wp-blog-header.php(16): wp()
#13 /opt/lampp/htdocs/wordpress/index.php(17): require('/opt/lampp/htdo...')
#14 {main}
  thrown in /opt/lampp/htdocs/wordpress/wp-includes/rest-api/endpoints/class-wp-rest-controller.php on line 433

2022-08-05T13:03:17+00:00 CRITICAL Uncaught TypeError: call_user_func_array(): Argument #1 ($callback) must be a valid callback, function "add_custom_fields" not found or invalid function name in /opt/lampp/htdocs/wordpress/wp-includes/class-wp-hook.php:307
Stack trace:
#0 /opt/lampp/htdocs/wordpress/wp-includes/class-wp-hook.php(331): WP_Hook->apply_filters(NULL, Array)
#1 /opt/lampp/htdocs/wordpress/wp-includes/plugin.php(476): WP_Hook->do_action(Array)
#2 /opt/lampp/htdocs/wordpress/wp-includes/rest-api.php(561): do_action('rest_api_init', Object(WP_REST_Server))
#3 /opt/lampp/htdocs/wordpress/wp-includes/rest-api.php(387): rest_get_server()
#4 /opt/lampp/htdocs/wordpress/wp-includes/class-wp-hook.php(307): rest_api_loaded(Object(WP))
#5 /opt/lampp/htdocs/wordpress/wp-includes/class-wp-hook.php(331): WP_Hook->apply_filters(NULL, Array)
#6 /opt/lampp/htdocs/wordpress/wp-includes/plugin.php(524): WP_Hook->do_action(Array)
#7 /opt/lampp/htdocs/wordpress/wp-includes/class-wp.php(398): do_action_ref_array('parse_request', Array)
#8 /opt/lampp/htdocs/wordpress/wp-includes/class-wp.php(770): WP->parse_request('')
#9 /opt/lampp/htdocs/wordpress/wp-includes/functions.php(1330): WP->main('')
#10 /opt/lampp/htdocs/wordpress/wp-blog-header.php(16): wp()
#11 /opt/lampp/htdocs/wordpress/index.php(17): require('/opt/lampp/htdo...')
#12 {main}
  thrown in /opt/lampp/htdocs/wordpress/wp-includes/class-wp-hook.php on line 307

