2022-07-27T10:36:35+00:00 CRITICAL Uncaught Error: Undefined constant "nonce" in /opt/lampp/htdocs/wordpress/wp-content/themes/astra/functions.php:305
Stack trace:
#0 /opt/lampp/htdocs/wordpress/wp-includes/class-wp-hook.php(307): enque_parent_styles('')
#1 /opt/lampp/htdocs/wordpress/wp-includes/class-wp-hook.php(331): WP_Hook->apply_filters(NULL, Array)
#2 /opt/lampp/htdocs/wordpress/wp-includes/plugin.php(476): WP_Hook->do_action(Array)
#3 /opt/lampp/htdocs/wordpress/wp-includes/script-loader.php(2156): do_action('wp_enqueue_scri...')
#4 /opt/lampp/htdocs/wordpress/wp-includes/class-wp-hook.php(307): wp_enqueue_scripts('')
#5 /opt/lampp/htdocs/wordpress/wp-includes/class-wp-hook.php(331): WP_Hook->apply_filters(NULL, Array)
#6 /opt/lampp/htdocs/wordpress/wp-includes/plugin.php(476): WP_Hook->do_action(Array)
#7 /opt/lampp/htdocs/wordpress/wp-includes/general-template.php(3042): do_action('wp_head')
#8 /opt/lampp/htdocs/wordpress/wp-content/themes/astra/header.php(26): wp_head()
#9 /opt/lampp/htdocs/wordpress/wp-includes/template.php(770): require_once('/opt/lampp/htdo...')
#10 /opt/lampp/htdocs/wordpress/wp-includes/template.php(716): load_template('/opt/lampp/htdo...', true, Array)
#11 /opt/lampp/htdocs/wordpress/wp-includes/general-template.php(48): locate_template(Array, true, true, Array)
#12 /opt/lampp/htdocs/wordpress/wp-content/themes/astra/API _test.php(18): get_header()
#13 /opt/lampp/htdocs/wordpress/wp-includes/template-loader.php(106): include('/opt/lampp/htdo...')
#14 /opt/lampp/htdocs/wordpress/wp-blog-header.php(19): require_once('/opt/lampp/htdo...')
#15 /opt/lampp/htdocs/wordpress/index.php(17): require('/opt/lampp/htdo...')
#16 {main}
  thrown in /opt/lampp/htdocs/wordpress/wp-content/themes/astra/functions.php on line 305

2022-07-27T11:53:01+00:00 CRITICAL Uncaught Error: Class "WP_Site_Health" not found in /opt/lampp/htdocs/wordpress/wp-includes/rest-api.php:349
Stack trace:
#0 /opt/lampp/htdocs/wordpress/wp-includes/class-wp-hook.php(307): create_initial_rest_routes(Object(WP_REST_Server))
#1 /opt/lampp/htdocs/wordpress/wp-includes/class-wp-hook.php(331): WP_Hook->apply_filters(NULL, Array)
#2 /opt/lampp/htdocs/wordpress/wp-includes/plugin.php(476): WP_Hook->do_action(Array)
#3 /opt/lampp/htdocs/wordpress/wp-includes/rest-api.php(561): do_action('rest_api_init', Object(WP_REST_Server))
#4 /opt/lampp/htdocs/wordpress/wp-includes/rest-api.php(109): rest_get_server()
#5 /opt/lampp/htdocs/wordpress/wp-content/themes/astra/functions.php(318): register_rest_route('wl/v1', 'posts', Array)
#6 /opt/lampp/htdocs/wordpress/wp-settings.php(566): include('/opt/lampp/htdo...')
#7 /opt/lampp/htdocs/wordpress/wp-config.php(97): require_once('/opt/lampp/htdo...')
#8 /opt/lampp/htdocs/wordpress/wp-load.php(50): require_once('/opt/lampp/htdo...')
#9 /opt/lampp/htdocs/wordpress/wp-admin/admin-ajax.php(22): require_once('/opt/lampp/htdo...')
#10 {main}
  thrown in /opt/lampp/htdocs/wordpress/wp-includes/rest-api.php on line 349

2022-07-27T11:53:38+00:00 CRITICAL Uncaught Error: Class "WP_Site_Health" not found in /opt/lampp/htdocs/wordpress/wp-includes/rest-api.php:349
Stack trace:
#0 /opt/lampp/htdocs/wordpress/wp-includes/class-wp-hook.php(307): create_initial_rest_routes(Object(WP_REST_Server))
#1 /opt/lampp/htdocs/wordpress/wp-includes/class-wp-hook.php(331): WP_Hook->apply_filters(NULL, Array)
#2 /opt/lampp/htdocs/wordpress/wp-includes/plugin.php(476): WP_Hook->do_action(Array)
#3 /opt/lampp/htdocs/wordpress/wp-includes/rest-api.php(561): do_action('rest_api_init', Object(WP_REST_Server))
#4 /opt/lampp/htdocs/wordpress/wp-includes/rest-api.php(109): rest_get_server()
#5 /opt/lampp/htdocs/wordpress/wp-content/themes/astra/functions.php(318): register_rest_route('wl/v1', 'posts', Array)
#6 /opt/lampp/htdocs/wordpress/wp-settings.php(566): include('/opt/lampp/htdo...')
#7 /opt/lampp/htdocs/wordpress/wp-config.php(97): require_once('/opt/lampp/htdo...')
#8 /opt/lampp/htdocs/wordpress/wp-load.php(50): require_once('/opt/lampp/htdo...')
#9 /opt/lampp/htdocs/wordpress/wp-blog-header.php(13): require_once('/opt/lampp/htdo...')
#10 /opt/lampp/htdocs/wordpress/index.php(17): require('/opt/lampp/htdo...')
#11 {main}
  thrown in /opt/lampp/htdocs/wordpress/wp-includes/rest-api.php on line 349

2022-07-27T11:55:01+00:00 CRITICAL Uncaught Error: Class "WP_Site_Health" not found in /opt/lampp/htdocs/wordpress/wp-includes/rest-api.php:349
Stack trace:
#0 /opt/lampp/htdocs/wordpress/wp-includes/class-wp-hook.php(307): create_initial_rest_routes(Object(WP_REST_Server))
#1 /opt/lampp/htdocs/wordpress/wp-includes/class-wp-hook.php(331): WP_Hook->apply_filters(NULL, Array)
#2 /opt/lampp/htdocs/wordpress/wp-includes/plugin.php(476): WP_Hook->do_action(Array)
#3 /opt/lampp/htdocs/wordpress/wp-includes/rest-api.php(561): do_action('rest_api_init', Object(WP_REST_Server))
#4 /opt/lampp/htdocs/wordpress/wp-includes/rest-api.php(109): rest_get_server()
#5 /opt/lampp/htdocs/wordpress/wp-content/themes/astra/functions.php(318): register_rest_route('wl/v1', 'posts', Array)
#6 /opt/lampp/htdocs/wordpress/wp-settings.php(566): include('/opt/lampp/htdo...')
#7 /opt/lampp/htdocs/wordpress/wp-config.php(97): require_once('/opt/lampp/htdo...')
#8 /opt/lampp/htdocs/wordpress/wp-load.php(50): require_once('/opt/lampp/htdo...')
#9 /opt/lampp/htdocs/wordpress/wp-admin/admin-ajax.php(22): require_once('/opt/lampp/htdo...')
#10 {main}
  thrown in /opt/lampp/htdocs/wordpress/wp-includes/rest-api.php on line 349

2022-07-27T12:04:12+00:00 CRITICAL Uncaught Error: Class "WP_Site_Health" not found in /opt/lampp/htdocs/wordpress/wp-includes/rest-api.php:349
Stack trace:
#0 /opt/lampp/htdocs/wordpress/wp-includes/class-wp-hook.php(307): create_initial_rest_routes(Object(WP_REST_Server))
#1 /opt/lampp/htdocs/wordpress/wp-includes/class-wp-hook.php(331): WP_Hook->apply_filters(NULL, Array)
#2 /opt/lampp/htdocs/wordpress/wp-includes/plugin.php(476): WP_Hook->do_action(Array)
#3 /opt/lampp/htdocs/wordpress/wp-includes/rest-api.php(561): do_action('rest_api_init', Object(WP_REST_Server))
#4 /opt/lampp/htdocs/wordpress/wp-includes/rest-api.php(109): rest_get_server()
#5 /opt/lampp/htdocs/wordpress/wp-content/themes/astra/functions.php(318): register_rest_route('wl/v1', 'posts', Array)
#6 /opt/lampp/htdocs/wordpress/wp-settings.php(566): include('/opt/lampp/htdo...')
#7 /opt/lampp/htdocs/wordpress/wp-config.php(97): require_once('/opt/lampp/htdo...')
#8 /opt/lampp/htdocs/wordpress/wp-load.php(50): require_once('/opt/lampp/htdo...')
#9 /opt/lampp/htdocs/wordpress/wp-blog-header.php(13): require_once('/opt/lampp/htdo...')
#10 /opt/lampp/htdocs/wordpress/index.php(17): require('/opt/lampp/htdo...')
#11 {main}
  thrown in /opt/lampp/htdocs/wordpress/wp-includes/rest-api.php on line 349

