2022-07-25T12:21:33+00:00 CRITICAL Uncaught Error: Undefined constant "name" in /opt/lampp/htdocs/wordpress/wp-content/themes/astra/functions.php:305
Stack trace:
#0 /opt/lampp/htdocs/wordpress/wp-includes/class-wp-hook.php(307): enque_parent_styles('')
#1 /opt/lampp/htdocs/wordpress/wp-includes/class-wp-hook.php(331): WP_Hook->apply_filters(NULL, Array)
#2 /opt/lampp/htdocs/wordpress/wp-includes/plugin.php(476): WP_Hook->do_action(Array)
#3 /opt/lampp/htdocs/wordpress/wp-includes/script-loader.php(2156): do_action('wp_enqueue_scri...')
#4 /opt/lampp/htdocs/wordpress/wp-includes/class-wp-hook.php(307): wp_enqueue_scripts('')
#5 /opt/lampp/htdocs/wordpress/wp-includes/class-wp-hook.php(331): WP_Hook->apply_filters(NULL, Array)
#6 /opt/lampp/htdocs/wordpress/wp-includes/plugin.php(476): WP_Hook->do_action(Array)
#7 /opt/lampp/htdocs/wordpress/wp-includes/general-template.php(3042): do_action('wp_head')
#8 /opt/lampp/htdocs/wordpress/wp-content/themes/astra/header.php(26): wp_head()
#9 /opt/lampp/htdocs/wordpress/wp-includes/template.php(770): require_once('/opt/lampp/htdo...')
#10 /opt/lampp/htdocs/wordpress/wp-includes/template.php(716): load_template('/opt/lampp/htdo...', true, Array)
#11 /opt/lampp/htdocs/wordpress/wp-includes/general-template.php(48): locate_template(Array, true, true, Array)
#12 /opt/lampp/htdocs/wordpress/wp-content/themes/astra/index.php(20): get_header()
#13 /opt/lampp/htdocs/wordpress/wp-includes/template-loader.php(106): include('/opt/lampp/htdo...')
#14 /opt/lampp/htdocs/wordpress/wp-blog-header.php(19): require_once('/opt/lampp/htdo...')
#15 /opt/lampp/htdocs/wordpress/index.php(17): require('/opt/lampp/htdo...')
#16 {main}
  thrown in /opt/lampp/htdocs/wordpress/wp-content/themes/astra/functions.php on line 305

2022-07-25T12:21:33+00:00 CRITICAL Uncaught Error: Undefined constant "name" in /opt/lampp/htdocs/wordpress/wp-content/themes/astra/functions.php:305
Stack trace:
#0 /opt/lampp/htdocs/wordpress/wp-includes/class-wp-hook.php(307): enque_parent_styles('')
#1 /opt/lampp/htdocs/wordpress/wp-includes/class-wp-hook.php(331): WP_Hook->apply_filters(NULL, Array)
#2 /opt/lampp/htdocs/wordpress/wp-includes/plugin.php(476): WP_Hook->do_action(Array)
#3 /opt/lampp/htdocs/wordpress/wp-includes/script-loader.php(2156): do_action('wp_enqueue_scri...')
#4 /opt/lampp/htdocs/wordpress/wp-includes/class-wp-hook.php(307): wp_enqueue_scripts('')
#5 /opt/lampp/htdocs/wordpress/wp-includes/class-wp-hook.php(331): WP_Hook->apply_filters(NULL, Array)
#6 /opt/lampp/htdocs/wordpress/wp-includes/plugin.php(476): WP_Hook->do_action(Array)
#7 /opt/lampp/htdocs/wordpress/wp-includes/general-template.php(3042): do_action('wp_head')
#8 /opt/lampp/htdocs/wordpress/wp-content/themes/astra/header.php(26): wp_head()
#9 /opt/lampp/htdocs/wordpress/wp-includes/template.php(770): require_once('/opt/lampp/htdo...')
#10 /opt/lampp/htdocs/wordpress/wp-includes/template.php(716): load_template('/opt/lampp/htdo...', true, Array)
#11 /opt/lampp/htdocs/wordpress/wp-includes/general-template.php(48): locate_template(Array, true, true, Array)
#12 /opt/lampp/htdocs/wordpress/wp-content/themes/astra/API _test.php(18): get_header()
#13 /opt/lampp/htdocs/wordpress/wp-includes/template-loader.php(106): include('/opt/lampp/htdo...')
#14 /opt/lampp/htdocs/wordpress/wp-blog-header.php(19): require_once('/opt/lampp/htdo...')
#15 /opt/lampp/htdocs/wordpress/index.php(17): require('/opt/lampp/htdo...')
#16 {main}
  thrown in /opt/lampp/htdocs/wordpress/wp-content/themes/astra/functions.php on line 305

2022-07-25T12:22:07+00:00 CRITICAL Uncaught Error: Undefined constant "name" in /opt/lampp/htdocs/wordpress/wp-content/themes/astra/functions.php:305
Stack trace:
#0 /opt/lampp/htdocs/wordpress/wp-includes/class-wp-hook.php(307): enque_parent_styles('')
#1 /opt/lampp/htdocs/wordpress/wp-includes/class-wp-hook.php(331): WP_Hook->apply_filters(NULL, Array)
#2 /opt/lampp/htdocs/wordpress/wp-includes/plugin.php(476): WP_Hook->do_action(Array)
#3 /opt/lampp/htdocs/wordpress/wp-includes/script-loader.php(2156): do_action('wp_enqueue_scri...')
#4 /opt/lampp/htdocs/wordpress/wp-includes/class-wp-hook.php(307): wp_enqueue_scripts('')
#5 /opt/lampp/htdocs/wordpress/wp-includes/class-wp-hook.php(331): WP_Hook->apply_filters(NULL, Array)
#6 /opt/lampp/htdocs/wordpress/wp-includes/plugin.php(476): WP_Hook->do_action(Array)
#7 /opt/lampp/htdocs/wordpress/wp-includes/general-template.php(3042): do_action('wp_head')
#8 /opt/lampp/htdocs/wordpress/wp-content/themes/astra/header.php(26): wp_head()
#9 /opt/lampp/htdocs/wordpress/wp-includes/template.php(770): require_once('/opt/lampp/htdo...')
#10 /opt/lampp/htdocs/wordpress/wp-includes/template.php(716): load_template('/opt/lampp/htdo...', true, Array)
#11 /opt/lampp/htdocs/wordpress/wp-includes/general-template.php(48): locate_template(Array, true, true, Array)
#12 /opt/lampp/htdocs/wordpress/wp-content/themes/astra/API _test.php(18): get_header()
#13 /opt/lampp/htdocs/wordpress/wp-includes/template-loader.php(106): include('/opt/lampp/htdo...')
#14 /opt/lampp/htdocs/wordpress/wp-blog-header.php(19): require_once('/opt/lampp/htdo...')
#15 /opt/lampp/htdocs/wordpress/index.php(17): require('/opt/lampp/htdo...')
#16 {main}
  thrown in /opt/lampp/htdocs/wordpress/wp-content/themes/astra/functions.php on line 305

2022-07-25T12:23:25+00:00 CRITICAL Uncaught Error: Undefined constant "name" in /opt/lampp/htdocs/wordpress/wp-content/themes/astra/functions.php:305
Stack trace:
#0 /opt/lampp/htdocs/wordpress/wp-includes/class-wp-hook.php(307): enque_parent_styles('')
#1 /opt/lampp/htdocs/wordpress/wp-includes/class-wp-hook.php(331): WP_Hook->apply_filters(NULL, Array)
#2 /opt/lampp/htdocs/wordpress/wp-includes/plugin.php(476): WP_Hook->do_action(Array)
#3 /opt/lampp/htdocs/wordpress/wp-includes/script-loader.php(2156): do_action('wp_enqueue_scri...')
#4 /opt/lampp/htdocs/wordpress/wp-includes/class-wp-hook.php(307): wp_enqueue_scripts('')
#5 /opt/lampp/htdocs/wordpress/wp-includes/class-wp-hook.php(331): WP_Hook->apply_filters(NULL, Array)
#6 /opt/lampp/htdocs/wordpress/wp-includes/plugin.php(476): WP_Hook->do_action(Array)
#7 /opt/lampp/htdocs/wordpress/wp-includes/general-template.php(3042): do_action('wp_head')
#8 /opt/lampp/htdocs/wordpress/wp-content/themes/astra/header.php(26): wp_head()
#9 /opt/lampp/htdocs/wordpress/wp-includes/template.php(770): require_once('/opt/lampp/htdo...')
#10 /opt/lampp/htdocs/wordpress/wp-includes/template.php(716): load_template('/opt/lampp/htdo...', true, Array)
#11 /opt/lampp/htdocs/wordpress/wp-includes/general-template.php(48): locate_template(Array, true, true, Array)
#12 /opt/lampp/htdocs/wordpress/wp-content/themes/astra/API _test.php(18): get_header()
#13 /opt/lampp/htdocs/wordpress/wp-includes/template-loader.php(106): include('/opt/lampp/htdo...')
#14 /opt/lampp/htdocs/wordpress/wp-blog-header.php(19): require_once('/opt/lampp/htdo...')
#15 /opt/lampp/htdocs/wordpress/index.php(17): require('/opt/lampp/htdo...')
#16 {main}
  thrown in /opt/lampp/htdocs/wordpress/wp-content/themes/astra/functions.php on line 305

2022-07-25T12:23:27+00:00 CRITICAL Uncaught Error: Undefined constant "name" in /opt/lampp/htdocs/wordpress/wp-content/themes/astra/functions.php:305
Stack trace:
#0 /opt/lampp/htdocs/wordpress/wp-includes/class-wp-hook.php(307): enque_parent_styles('')
#1 /opt/lampp/htdocs/wordpress/wp-includes/class-wp-hook.php(331): WP_Hook->apply_filters(NULL, Array)
#2 /opt/lampp/htdocs/wordpress/wp-includes/plugin.php(476): WP_Hook->do_action(Array)
#3 /opt/lampp/htdocs/wordpress/wp-includes/script-loader.php(2156): do_action('wp_enqueue_scri...')
#4 /opt/lampp/htdocs/wordpress/wp-includes/class-wp-hook.php(307): wp_enqueue_scripts('')
#5 /opt/lampp/htdocs/wordpress/wp-includes/class-wp-hook.php(331): WP_Hook->apply_filters(NULL, Array)
#6 /opt/lampp/htdocs/wordpress/wp-includes/plugin.php(476): WP_Hook->do_action(Array)
#7 /opt/lampp/htdocs/wordpress/wp-includes/general-template.php(3042): do_action('wp_head')
#8 /opt/lampp/htdocs/wordpress/wp-content/themes/astra/header.php(26): wp_head()
#9 /opt/lampp/htdocs/wordpress/wp-includes/template.php(770): require_once('/opt/lampp/htdo...')
#10 /opt/lampp/htdocs/wordpress/wp-includes/template.php(716): load_template('/opt/lampp/htdo...', true, Array)
#11 /opt/lampp/htdocs/wordpress/wp-includes/general-template.php(48): locate_template(Array, true, true, Array)
#12 /opt/lampp/htdocs/wordpress/wp-content/themes/astra/API _test.php(18): get_header()
#13 /opt/lampp/htdocs/wordpress/wp-includes/template-loader.php(106): include('/opt/lampp/htdo...')
#14 /opt/lampp/htdocs/wordpress/wp-blog-header.php(19): require_once('/opt/lampp/htdo...')
#15 /opt/lampp/htdocs/wordpress/index.php(17): require('/opt/lampp/htdo...')
#16 {main}
  thrown in /opt/lampp/htdocs/wordpress/wp-content/themes/astra/functions.php on line 305

2022-07-25T12:28:04+00:00 CRITICAL Uncaught Error: Undefined constant "nonce" in /opt/lampp/htdocs/wordpress/wp-content/themes/astra/functions.php:305
Stack trace:
#0 /opt/lampp/htdocs/wordpress/wp-includes/class-wp-hook.php(307): enque_parent_styles('')
#1 /opt/lampp/htdocs/wordpress/wp-includes/class-wp-hook.php(331): WP_Hook->apply_filters(NULL, Array)
#2 /opt/lampp/htdocs/wordpress/wp-includes/plugin.php(476): WP_Hook->do_action(Array)
#3 /opt/lampp/htdocs/wordpress/wp-includes/script-loader.php(2156): do_action('wp_enqueue_scri...')
#4 /opt/lampp/htdocs/wordpress/wp-includes/class-wp-hook.php(307): wp_enqueue_scripts('')
#5 /opt/lampp/htdocs/wordpress/wp-includes/class-wp-hook.php(331): WP_Hook->apply_filters(NULL, Array)
#6 /opt/lampp/htdocs/wordpress/wp-includes/plugin.php(476): WP_Hook->do_action(Array)
#7 /opt/lampp/htdocs/wordpress/wp-includes/general-template.php(3042): do_action('wp_head')
#8 /opt/lampp/htdocs/wordpress/wp-content/themes/astra/header.php(26): wp_head()
#9 /opt/lampp/htdocs/wordpress/wp-includes/template.php(770): require_once('/opt/lampp/htdo...')
#10 /opt/lampp/htdocs/wordpress/wp-includes/template.php(716): load_template('/opt/lampp/htdo...', true, Array)
#11 /opt/lampp/htdocs/wordpress/wp-includes/general-template.php(48): locate_template(Array, true, true, Array)
#12 /opt/lampp/htdocs/wordpress/wp-content/themes/astra/API _test.php(18): get_header()
#13 /opt/lampp/htdocs/wordpress/wp-includes/template-loader.php(106): include('/opt/lampp/htdo...')
#14 /opt/lampp/htdocs/wordpress/wp-blog-header.php(19): require_once('/opt/lampp/htdo...')
#15 /opt/lampp/htdocs/wordpress/index.php(17): require('/opt/lampp/htdo...')
#16 {main}
  thrown in /opt/lampp/htdocs/wordpress/wp-content/themes/astra/functions.php on line 305

2022-07-25T13:12:32+00:00 CRITICAL Uncaught Error: Call to undefined function wp_enque_script() in /opt/lampp/htdocs/wordpress/wp-content/themes/astra/functions.php:301
Stack trace:
#0 /opt/lampp/htdocs/wordpress/wp-includes/class-wp-hook.php(307): enque_parent_styles('')
#1 /opt/lampp/htdocs/wordpress/wp-includes/class-wp-hook.php(331): WP_Hook->apply_filters(NULL, Array)
#2 /opt/lampp/htdocs/wordpress/wp-includes/plugin.php(476): WP_Hook->do_action(Array)
#3 /opt/lampp/htdocs/wordpress/wp-includes/script-loader.php(2156): do_action('wp_enqueue_scri...')
#4 /opt/lampp/htdocs/wordpress/wp-includes/class-wp-hook.php(307): wp_enqueue_scripts('')
#5 /opt/lampp/htdocs/wordpress/wp-includes/class-wp-hook.php(331): WP_Hook->apply_filters(NULL, Array)
#6 /opt/lampp/htdocs/wordpress/wp-includes/plugin.php(476): WP_Hook->do_action(Array)
#7 /opt/lampp/htdocs/wordpress/wp-includes/general-template.php(3042): do_action('wp_head')
#8 /opt/lampp/htdocs/wordpress/wp-content/themes/astra/header.php(26): wp_head()
#9 /opt/lampp/htdocs/wordpress/wp-includes/template.php(770): require_once('/opt/lampp/htdo...')
#10 /opt/lampp/htdocs/wordpress/wp-includes/template.php(716): load_template('/opt/lampp/htdo...', true, Array)
#11 /opt/lampp/htdocs/wordpress/wp-includes/general-template.php(48): locate_template(Array, true, true, Array)
#12 /opt/lampp/htdocs/wordpress/wp-content/themes/astra/API _test.php(18): get_header()
#13 /opt/lampp/htdocs/wordpress/wp-includes/template-loader.php(106): include('/opt/lampp/htdo...')
#14 /opt/lampp/htdocs/wordpress/wp-blog-header.php(19): require_once('/opt/lampp/htdo...')
#15 /opt/lampp/htdocs/wordpress/index.php(17): require('/opt/lampp/htdo...')
#16 {main}
  thrown in /opt/lampp/htdocs/wordpress/wp-content/themes/astra/functions.php on line 301

